GET
STORE 10
ZERO
INC
STORE 12
ZERO
INC
SHL
SHL
SHL
SHL
SHL
DEC
SHL
SHL
INC
SHL
SHL
SHL
STORE 9
LOAD 12
SUB 9
JZERO 24
JUMP 61
ZERO
INC
SHL
SHL
SHL
SHL
SHL
SHL
SHL
SHL
SHL
SHL
SHL
SHL
SHL
SHL
SHL
SHL
SHL
SHL
SHL
SHL
SHL
SHL
SHL
SHL
SHL
SHL
STORE 11
LOAD 10
ADD 11
STORE 10
ZERO
INC
ADD 12
STORE 12
JUMP 5
LOAD 10
PUT
GET
STORE 10
ZERO
INC
SHL
SHL
SHL
INC
SHL
SHL
SHL
INC
SHL
INC
SHL
SHL
SHL
INC
SHL
SHL
INC
SHL
INC
SHL
SHL
SHL
SHL
SHL
SHL
SHL
SHL
INC
SHL
SHL
INC
SHL
SHL
SHL
SHL
DEC
SHL
SHL
SHL
INC
STORE 14
ZERO
INC
SHL
SHL
SHL
INC
SHL
SHL
SHL
INC
SHL
INC
SHL
SHL
SHL
INC
SHL
SHL
INC
SHL
INC
SHL
SHL
SHL
SHL
SHL
SHL
SHL
SHL
INC
SHL
SHL
INC
SHL
SHL
SHL
INC
SHL
SHL
INC
SHL
INC
SHL
STORE 13
SUB 14
JZERO 187
LOAD 13
SUB 14
JZERO 174
ZERO
ADD 10
SHL
SHL
SHL
SHL
SHL
SHL
SHL
SHL
SHL
SHL
STORE 10
LOAD 13
DEC
STORE 13
JUMP 155
ZERO
ADD 10
SHL
SHL
SHL
SHL
SHL
SHL
SHL
SHL
SHL
SHL
STORE 10
LOAD 10
PUT
LOAD 12
PUT
ZERO
INC
SHL
INC
SHL
INC
SHL
SHL
SHL
SHL
DEC
SHL
SHL
SHL
SHL
SHL
SHL
INC
SHL
SHL
INC
SHL
INC
SHL
SHL
INC
SHL
INC
SHL
SHL
INC
SHL
SHL
INC
SHL
INC
SHL
SHL
SHL
INC
SHL
INC
SHL
SHL
SHL
INC
SHL
INC
SHL
SHL
SHL
SHL
SHL
SHL
SHL
INC
SHL
SHL
INC
SHL
INC
SHL
INC
SHL
SHL
SHL
INC
SHL
INC
SHL
SHL
INC
SHL
INC
SHL
SHL
SHL
SHL
SHL
SHL
SHL
SHL
SHL
SHL
SHL
INC
SHL
INC
STORE 10
LOAD 10
PUT
HALT
