ZERO
INC
STORE 12
GET
STORE 10
GET
STORE 11
LOAD 10
STORE 9
ZERO
INC
SHL
INC
SHL
SHL
SHL
INC
SHL
INC
SUB 9
JZERO 22
JUMP 70
ZERO
INC
SHL
INC
SHL
SHL
SHL
INC
SHL
JZERO 68
STORE 7
ZERO
STORE 9
INC
STORE 6
LOAD 10
STORE 8
INC
SUB 7
JZERO 52
DEC
JZERO 66
LOAD 7
SHL
STORE 7
LOAD 6
SHL
STORE 6
LOAD 8
JUMP 39
LOAD 6
SHR
STORE 6
JZERO 68
LOAD 7
SHR
STORE 7
LOAD 8
INC
SUB 7
JZERO 52
DEC
STORE 8
JUMP 52
ZERO
JUMP 69
LOAD 8
STORE 10
ZERO
INC
SHL
SHL
SHL
SHL
SHL
DEC
SHL
SHL
INC
SHL
SHL
SHL
ADD 10
STORE 13
ZERO
INC
STORE 9
LOAD 13
SUB 9
STORE 13
LOAD 13
PUT
LOAD 10
STORE 14
LOAD 13
INC
STORE 15
SUB 14
JZERO 194
LOAD 12
JZERO 140
STORE 7
ZERO
STORE 9
INC
STORE 6
LOAD 14
STORE 8
INC
SUB 7
JZERO 123
DEC
JZERO 140
LOAD 7
SHL
STORE 7
LOAD 6
SHL
STORE 6
LOAD 8
JUMP 110
LOAD 6
SHR
STORE 6
JZERO 140
LOAD 7
SHR
STORE 7
LOAD 8
INC
SUB 7
JZERO 123
DEC
STORE 8
LOAD 6
ADD 9
STORE 9
JUMP 123
LOAD 9
ADD 6
STORE 13
LOAD 13
ADD 11
STORE 11
LOAD 14
JZERO 184
STORE 7
ZERO
STORE 9
INC
STORE 6
LOAD 14
STORE 8
INC
SUB 7
JZERO 168
DEC
JZERO 182
LOAD 7
SHL
STORE 7
LOAD 6
SHL
STORE 6
LOAD 8
JUMP 155
LOAD 6
SHR
STORE 6
JZERO 184
LOAD 7
SHR
STORE 7
LOAD 8
INC
SUB 7
JZERO 168
DEC
STORE 8
JUMP 168
ZERO
JUMP 185
LOAD 8
STORE 13
LOAD 13
ADD 11
STORE 11
LOAD 14
INC
STORE 14
LOAD 15
JUMP 99
LOAD 13
PUT
LOAD 11
PUT
HALT
